Terminals unused in grammar

    '%'


Grammar

    0 $accept: program $end

    1 program: ext_def_list

    2 ext_def_list: ext_def_list ext_def
    3             | ε

    4 ext_def: type_specifier pointers ID ';'
    5        | type_specifier pointers ID '[' INTEGER_CONST ']' ';'
    6        | struct_specifier ';'
    7        | func_decl compound_stmt

    8 type_specifier: TYPE
    9               | struct_specifier

   10 struct_specifier: STRUCT ID '{' def_list '}'
   11                 | STRUCT ID

   12 func_decl: type_specifier pointers ID '(' ')'
   13          | type_specifier pointers ID '(' param_list ')'

   14 pointers: '*'
   15         | ε

   16 param_list: param_decl
   17           | param_list ',' param_decl

   18 param_decl: type_specifier pointers ID
   19           | type_specifier pointers ID '[' INTEGER_CONST ']'

   20 def_list: def_list def
   21         | ε

   22 def: type_specifier pointers ID ';'
   23    | type_specifier pointers ID '[' INTEGER_CONST ']' ';'

   24 compound_stmt: '{' def_list stmt_list '}'

   25 stmt_list: stmt_list stmt
   26          | ε

   27 stmt: expr ';'
   28     | RETURN expr ';'
   29     | BREAK ';'
   30     | CONTINUE ';'
   31     | ';'
   32     | compound_stmt
   33     | IF '(' expr ')' stmt
   34     | IF '(' expr ')' stmt ELSE stmt
   35     | WHILE '(' expr ')' stmt
   36     | FOR '(' expr_e ';' expr_e ';' expr_e ')' stmt

   37 expr_e: expr
   38       | ε

   39 expr: unary '=' expr
   40     | binary

   41 binary: binary RELOP binary
   42       | binary EQUOP binary
   43       | binary '+' binary
   44       | binary '-' binary
   45       | binary '*' binary
   46       | binary '/' binary
   47       | unary
   48       | binary LOGICAL_AND binary
   49       | binary LOGICAL_OR binary

   50 unary: '(' expr ')'
   51      | '(' unary ')'
   52      | INTEGER_CONST
   53      | CHAR_CONST
   54      | STRING
   55      | ID
   56      | '-' unary
   57      | '!' unary
   58      | unary INCOP
   59      | unary DECOP
   60      | INCOP unary
   61      | DECOP unary
   62      | '&' unary
   63      | '*' unary
   64      | unary '[' expr ']'
   65      | unary '.' ID
   66      | unary STRUCTOP ID
   67      | unary '(' args ')'
   68      | unary '(' ')'
   69      | SYM_NULL

   70 args: expr
   71     | args ',' expr


Terminals, with rules where they appear

    $end (0) 0
    '!' (33) 57
    '%' (37)
    '&' (38) 62
    '(' (40) 12 13 33 34 35 36 50 51 67 68
    ')' (41) 12 13 33 34 35 36 50 51 67 68
    '*' (42) 14 45 63
    '+' (43) 43
    ',' (44) 17 71
    '-' (45) 44 56
    '.' (46) 65
    '/' (47) 46
    ';' (59) 4 5 6 22 23 27 28 29 30 31 36
    '=' (61) 39
    '[' (91) 5 19 23 64
    ']' (93) 5 19 23 64
    '{' (123) 10 24
    '}' (125) 10 24
    error (256)
    LOGICAL_OR (258) 49
    LOGICAL_AND (259) 48
    EQUOP (260) 42
    RELOP (261) 41
    INCOP (262) 58 60
    DECOP (263) 59 61
    STRUCTOP (264) 66
    IF (265) 33 34
    ELSE (266) 34
    STRUCT (267) 10 11
    RETURN (268) 28
    WHILE (269) 35
    FOR (270) 36
    BREAK (271) 29
    CONTINUE (272) 30
    SYM_NULL (273) 69
    TYPE <stringVal> (274) 8
    CHAR_CONST (275) 53
    STRING (276) 54
    INTEGER_CONST <intVal> (277) 5 19 23 52
    ID <stringVal> (278) 4 5 10 11 12 13 18 19 22 23 55 65 66


Nonterminals, with rules where they appear

    $accept (41)
        on left: 0
    program (42)
        on left: 1
        on right: 0
    ext_def_list (43)
        on left: 2 3
        on right: 1 2
    ext_def (44)
        on left: 4 5 6 7
        on right: 2
    type_specifier <typeInfo> (45)
        on left: 8 9
        on right: 4 5 12 13 18 19 22 23
    struct_specifier (46)
        on left: 10 11
        on right: 6 9
    func_decl (47)
        on left: 12 13
        on right: 7
    pointers (48)
        on left: 14 15
        on right: 4 5 12 13 18 19 22 23
    param_list (49)
        on left: 16 17
        on right: 13 17
    param_decl (50)
        on left: 18 19
        on right: 16 17
    def_list (51)
        on left: 20 21
        on right: 10 20 24
    def (52)
        on left: 22 23
        on right: 20
    compound_stmt (53)
        on left: 24
        on right: 7 32
    stmt_list (54)
        on left: 25 26
        on right: 24 25
    stmt (55)
        on left: 27 28 29 30 31 32 33 34 35 36
        on right: 25 33 34 35 36
    expr_e (56)
        on left: 37 38
        on right: 36
    expr <typeInfo> (57)
        on left: 39 40
        on right: 27 28 33 34 35 37 39 50 64 70 71
    binary <typeInfo> (58)
        on left: 41 42 43 44 45 46 47 48 49
        on right: 40 41 42 43 44 45 46 48 49
    unary <typeInfo> (59)
        on left: 50 51 52 53 54 55 56 57 58 59 60 61 62 63 64 65 66 67 68 69
        on right: 39 47 51 56 57 58 59 60 61 62 63 64 65 66 67 68
    args (60)
        on left: 70 71
        on right: 67 71


State 0

    0 $accept: • program $end

    $default  reduce using rule 3 (ext_def_list)

    program       go to state 1
    ext_def_list  go to state 2


State 1

    0 $accept: program • $end

    $end  shift, and go to state 3


State 2

    1 program: ext_def_list •
    2 ext_def_list: ext_def_list • ext_def

    STRUCT  shift, and go to state 4
    TYPE    shift, and go to state 5

    $default  reduce using rule 1 (program)

    ext_def           go to state 6
    type_specifier    go to state 7
    struct_specifier  go to state 8
    func_decl         go to state 9


State 3

    0 $accept: program $end •

    $default  accept


State 4

   10 struct_specifier: STRUCT • ID '{' def_list '}'
   11                 | STRUCT • ID

    ID  shift, and go to state 10


State 5

    8 type_specifier: TYPE •

    $default  reduce using rule 8 (type_specifier)


State 6

    2 ext_def_list: ext_def_list ext_def •

    $default  reduce using rule 2 (ext_def_list)


State 7

    4 ext_def: type_specifier • pointers ID ';'
    5        | type_specifier • pointers ID '[' INTEGER_CONST ']' ';'
   12 func_decl: type_specifier • pointers ID '(' ')'
   13          | type_specifier • pointers ID '(' param_list ')'

    '*'  shift, and go to state 11

    $default  reduce using rule 15 (pointers)

    pointers  go to state 12


State 8

    6 ext_def: struct_specifier • ';'
    9 type_specifier: struct_specifier •

    ';'  shift, and go to state 13

    $default  reduce using rule 9 (type_specifier)


State 9

    7 ext_def: func_decl • compound_stmt

    '{'  shift, and go to state 14

    compound_stmt  go to state 15


State 10

   10 struct_specifier: STRUCT ID • '{' def_list '}'
   11                 | STRUCT ID •

    '{'  shift, and go to state 16

    $default  reduce using rule 11 (struct_specifier)


State 11

   14 pointers: '*' •

    $default  reduce using rule 14 (pointers)


State 12

    4 ext_def: type_specifier pointers • ID ';'
    5        | type_specifier pointers • ID '[' INTEGER_CONST ']' ';'
   12 func_decl: type_specifier pointers • ID '(' ')'
   13          | type_specifier pointers • ID '(' param_list ')'

    ID  shift, and go to state 17


State 13

    6 ext_def: struct_specifier ';' •

    $default  reduce using rule 6 (ext_def)


State 14

   24 compound_stmt: '{' • def_list stmt_list '}'

    $default  reduce using rule 21 (def_list)

    def_list  go to state 18


State 15

    7 ext_def: func_decl compound_stmt •

    $default  reduce using rule 7 (ext_def)


State 16

   10 struct_specifier: STRUCT ID '{' • def_list '}'

    $default  reduce using rule 21 (def_list)

    def_list  go to state 19


State 17

    4 ext_def: type_specifier pointers ID • ';'
    5        | type_specifier pointers ID • '[' INTEGER_CONST ']' ';'
   12 func_decl: type_specifier pointers ID • '(' ')'
   13          | type_specifier pointers ID • '(' param_list ')'

    '['  shift, and go to state 20
    '('  shift, and go to state 21
    ';'  shift, and go to state 22


State 18

   20 def_list: def_list • def
   24 compound_stmt: '{' def_list • stmt_list '}'

    STRUCT  shift, and go to state 4
    TYPE    shift, and go to state 5

    $default  reduce using rule 26 (stmt_list)

    type_specifier    go to state 23
    struct_specifier  go to state 24
    def               go to state 25
    stmt_list         go to state 26


State 19

   10 struct_specifier: STRUCT ID '{' def_list • '}'
   20 def_list: def_list • def

    STRUCT  shift, and go to state 4
    TYPE    shift, and go to state 5
    '}'     shift, and go to state 27

    type_specifier    go to state 23
    struct_specifier  go to state 24
    def               go to state 25


State 20

    5 ext_def: type_specifier pointers ID '[' • INTEGER_CONST ']' ';'

    INTEGER_CONST  shift, and go to state 28


State 21

   12 func_decl: type_specifier pointers ID '(' • ')'
   13          | type_specifier pointers ID '(' • param_list ')'

    ')'     shift, and go to state 29
    STRUCT  shift, and go to state 4
    TYPE    shift, and go to state 5

    type_specifier    go to state 30
    struct_specifier  go to state 24
    param_list        go to state 31
    param_decl        go to state 32


State 22

    4 ext_def: type_specifier pointers ID ';' •

    $default  reduce using rule 4 (ext_def)


State 23

   22 def: type_specifier • pointers ID ';'
   23    | type_specifier • pointers ID '[' INTEGER_CONST ']' ';'

    '*'  shift, and go to state 11

    $default  reduce using rule 15 (pointers)

    pointers  go to state 33


State 24

    9 type_specifier: struct_specifier •

    $default  reduce using rule 9 (type_specifier)


State 25

   20 def_list: def_list def •

    $default  reduce using rule 20 (def_list)


State 26

   24 compound_stmt: '{' def_list stmt_list • '}'
   25 stmt_list: stmt_list • stmt

    '-'            shift, and go to state 34
    '*'            shift, and go to state 35
    '!'            shift, and go to state 36
    '&'            shift, and go to state 37
    INCOP          shift, and go to state 38
    DECOP          shift, and go to state 39
    '('            shift, and go to state 40
    IF             shift, and go to state 41
    RETURN         shift, and go to state 42
    WHILE          shift, and go to state 43
    FOR            shift, and go to state 44
    BREAK          shift, and go to state 45
    CONTINUE       shift, and go to state 46
    SYM_NULL       shift, and go to state 47
    CHAR_CONST     shift, and go to state 48
    STRING         shift, and go to state 49
    INTEGER_CONST  shift, and go to state 50
    ID             shift, and go to state 51
    ';'            shift, and go to state 52
    '{'            shift, and go to state 14
    '}'            shift, and go to state 53

    compound_stmt  go to state 54
    stmt           go to state 55
    expr           go to state 56
    binary         go to state 57
    unary          go to state 58


State 27

   10 struct_specifier: STRUCT ID '{' def_list '}' •

    $default  reduce using rule 10 (struct_specifier)


State 28

    5 ext_def: type_specifier pointers ID '[' INTEGER_CONST • ']' ';'

    ']'  shift, and go to state 59


State 29

   12 func_decl: type_specifier pointers ID '(' ')' •

    $default  reduce using rule 12 (func_decl)


State 30

   18 param_decl: type_specifier • pointers ID
   19           | type_specifier • pointers ID '[' INTEGER_CONST ']'

    '*'  shift, and go to state 11

    $default  reduce using rule 15 (pointers)

    pointers  go to state 60


State 31

   13 func_decl: type_specifier pointers ID '(' param_list • ')'
   17 param_list: param_list • ',' param_decl

    ','  shift, and go to state 61
    ')'  shift, and go to state 62


State 32

   16 param_list: param_decl •

    $default  reduce using rule 16 (param_list)


State 33

   22 def: type_specifier pointers • ID ';'
   23    | type_specifier pointers • ID '[' INTEGER_CONST ']' ';'

    ID  shift, and go to state 63


State 34

   56 unary: '-' • unary

    '-'            shift, and go to state 34
    '*'            shift, and go to state 35
    '!'            shift, and go to state 36
    '&'            shift, and go to state 37
    INCOP          shift, and go to state 38
    DECOP          shift, and go to state 39
    '('            shift, and go to state 40
    SYM_NULL       shift, and go to state 47
    CHAR_CONST     shift, and go to state 48
    STRING         shift, and go to state 49
    INTEGER_CONST  shift, and go to state 50
    ID             shift, and go to state 51

    unary  go to state 64


State 35

   63 unary: '*' • unary

    '-'            shift, and go to state 34
    '*'            shift, and go to state 35
    '!'            shift, and go to state 36
    '&'            shift, and go to state 37
    INCOP          shift, and go to state 38
    DECOP          shift, and go to state 39
    '('            shift, and go to state 40
    SYM_NULL       shift, and go to state 47
    CHAR_CONST     shift, and go to state 48
    STRING         shift, and go to state 49
    INTEGER_CONST  shift, and go to state 50
    ID             shift, and go to state 51

    unary  go to state 65


State 36

   57 unary: '!' • unary

    '-'            shift, and go to state 34
    '*'            shift, and go to state 35
    '!'            shift, and go to state 36
    '&'            shift, and go to state 37
    INCOP          shift, and go to state 38
    DECOP          shift, and go to state 39
    '('            shift, and go to state 40
    SYM_NULL       shift, and go to state 47
    CHAR_CONST     shift, and go to state 48
    STRING         shift, and go to state 49
    INTEGER_CONST  shift, and go to state 50
    ID             shift, and go to state 51

    unary  go to state 66


State 37

   62 unary: '&' • unary

    '-'            shift, and go to state 34
    '*'            shift, and go to state 35
    '!'            shift, and go to state 36
    '&'            shift, and go to state 37
    INCOP          shift, and go to state 38
    DECOP          shift, and go to state 39
    '('            shift, and go to state 40
    SYM_NULL       shift, and go to state 47
    CHAR_CONST     shift, and go to state 48
    STRING         shift, and go to state 49
    INTEGER_CONST  shift, and go to state 50
    ID             shift, and go to state 51

    unary  go to state 67


State 38

   60 unary: INCOP • unary

    '-'            shift, and go to state 34
    '*'            shift, and go to state 35
    '!'            shift, and go to state 36
    '&'            shift, and go to state 37
    INCOP          shift, and go to state 38
    DECOP          shift, and go to state 39
    '('            shift, and go to state 40
    SYM_NULL       shift, and go to state 47
    CHAR_CONST     shift, and go to state 48
    STRING         shift, and go to state 49
    INTEGER_CONST  shift, and go to state 50
    ID             shift, and go to state 51

    unary  go to state 68


State 39

   61 unary: DECOP • unary

    '-'            shift, and go to state 34
    '*'            shift, and go to state 35
    '!'            shift, and go to state 36
    '&'            shift, and go to state 37
    INCOP          shift, and go to state 38
    DECOP          shift, and go to state 39
    '('            shift, and go to state 40
    SYM_NULL       shift, and go to state 47
    CHAR_CONST     shift, and go to state 48
    STRING         shift, and go to state 49
    INTEGER_CONST  shift, and go to state 50
    ID             shift, and go to state 51

    unary  go to state 69


State 40

   50 unary: '(' • expr ')'
   51      | '(' • unary ')'

    '-'            shift, and go to state 34
    '*'            shift, and go to state 35
    '!'            shift, and go to state 36
    '&'            shift, and go to state 37
    INCOP          shift, and go to state 38
    DECOP          shift, and go to state 39
    '('            shift, and go to state 40
    SYM_NULL       shift, and go to state 47
    CHAR_CONST     shift, and go to state 48
    STRING         shift, and go to state 49
    INTEGER_CONST  shift, and go to state 50
    ID             shift, and go to state 51

    expr    go to state 70
    binary  go to state 57
    unary   go to state 71


State 41

   33 stmt: IF • '(' expr ')' stmt
   34     | IF • '(' expr ')' stmt ELSE stmt

    '('  shift, and go to state 72


State 42

   28 stmt: RETURN • expr ';'

    '-'            shift, and go to state 34
    '*'            shift, and go to state 35
    '!'            shift, and go to state 36
    '&'            shift, and go to state 37
    INCOP          shift, and go to state 38
    DECOP          shift, and go to state 39
    '('            shift, and go to state 40
    SYM_NULL       shift, and go to state 47
    CHAR_CONST     shift, and go to state 48
    STRING         shift, and go to state 49
    INTEGER_CONST  shift, and go to state 50
    ID             shift, and go to state 51

    expr    go to state 73
    binary  go to state 57
    unary   go to state 58


State 43

   35 stmt: WHILE • '(' expr ')' stmt

    '('  shift, and go to state 74


State 44

   36 stmt: FOR • '(' expr_e ';' expr_e ';' expr_e ')' stmt

    '('  shift, and go to state 75


State 45

   29 stmt: BREAK • ';'

    ';'  shift, and go to state 76


State 46

   30 stmt: CONTINUE • ';'

    ';'  shift, and go to state 77


State 47

   69 unary: SYM_NULL •

    $default  reduce using rule 69 (unary)


State 48

   53 unary: CHAR_CONST •

    $default  reduce using rule 53 (unary)


State 49

   54 unary: STRING •

    $default  reduce using rule 54 (unary)


State 50

   52 unary: INTEGER_CONST •

    $default  reduce using rule 52 (unary)


State 51

   55 unary: ID •

    $default  reduce using rule 55 (unary)


State 52

   31 stmt: ';' •

    $default  reduce using rule 31 (stmt)


State 53

   24 compound_stmt: '{' def_list stmt_list '}' •

    $default  reduce using rule 24 (compound_stmt)


State 54

   32 stmt: compound_stmt •

    $default  reduce using rule 32 (stmt)


State 55

   25 stmt_list: stmt_list stmt •

    $default  reduce using rule 25 (stmt_list)


State 56

   27 stmt: expr • ';'

    ';'  shift, and go to state 78


State 57

   40 expr: binary •
   41 binary: binary • RELOP binary
   42       | binary • EQUOP binary
   43       | binary • '+' binary
   44       | binary • '-' binary
   45       | binary • '*' binary
   46       | binary • '/' binary
   48       | binary • LOGICAL_AND binary
   49       | binary • LOGICAL_OR binary

    LOGICAL_OR   shift, and go to state 79
    LOGICAL_AND  shift, and go to state 80
    EQUOP        shift, and go to state 81
    RELOP        shift, and go to state 82
    '+'          shift, and go to state 83
    '-'          shift, and go to state 84
    '*'          shift, and go to state 85
    '/'          shift, and go to state 86

    $default  reduce using rule 40 (expr)


State 58

   39 expr: unary • '=' expr
   47 binary: unary •
   58 unary: unary • INCOP
   59      | unary • DECOP
   64      | unary • '[' expr ']'
   65      | unary • '.' ID
   66      | unary • STRUCTOP ID
   67      | unary • '(' args ')'
   68      | unary • '(' ')'

    '='       shift, and go to state 87
    INCOP     shift, and go to state 88
    DECOP     shift, and go to state 89
    '['       shift, and go to state 90
    '('       shift, and go to state 91
    '.'       shift, and go to state 92
    STRUCTOP  shift, and go to state 93

    $default  reduce using rule 47 (binary)


State 59

    5 ext_def: type_specifier pointers ID '[' INTEGER_CONST ']' • ';'

    ';'  shift, and go to state 94


State 60

   18 param_decl: type_specifier pointers • ID
   19           | type_specifier pointers • ID '[' INTEGER_CONST ']'

    ID  shift, and go to state 95


State 61

   17 param_list: param_list ',' • param_decl

    STRUCT  shift, and go to state 4
    TYPE    shift, and go to state 5

    type_specifier    go to state 30
    struct_specifier  go to state 24
    param_decl        go to state 96


State 62

   13 func_decl: type_specifier pointers ID '(' param_list ')' •

    $default  reduce using rule 13 (func_decl)


State 63

   22 def: type_specifier pointers ID • ';'
   23    | type_specifier pointers ID • '[' INTEGER_CONST ']' ';'

    '['  shift, and go to state 97
    ';'  shift, and go to state 98


State 64

   56 unary: '-' unary •
   58      | unary • INCOP
   59      | unary • DECOP
   64      | unary • '[' expr ']'
   65      | unary • '.' ID
   66      | unary • STRUCTOP ID
   67      | unary • '(' args ')'
   68      | unary • '(' ')'

    INCOP     shift, and go to state 88
    DECOP     shift, and go to state 89
    '['       shift, and go to state 90
    '('       shift, and go to state 91
    '.'       shift, and go to state 92
    STRUCTOP  shift, and go to state 93

    $default  reduce using rule 56 (unary)


State 65

   58 unary: unary • INCOP
   59      | unary • DECOP
   63      | '*' unary •
   64      | unary • '[' expr ']'
   65      | unary • '.' ID
   66      | unary • STRUCTOP ID
   67      | unary • '(' args ')'
   68      | unary • '(' ')'

    INCOP     shift, and go to state 88
    DECOP     shift, and go to state 89
    '['       shift, and go to state 90
    '('       shift, and go to state 91
    '.'       shift, and go to state 92
    STRUCTOP  shift, and go to state 93

    $default  reduce using rule 63 (unary)


State 66

   57 unary: '!' unary •
   58      | unary • INCOP
   59      | unary • DECOP
   64      | unary • '[' expr ']'
   65      | unary • '.' ID
   66      | unary • STRUCTOP ID
   67      | unary • '(' args ')'
   68      | unary • '(' ')'

    INCOP     shift, and go to state 88
    DECOP     shift, and go to state 89
    '['       shift, and go to state 90
    '('       shift, and go to state 91
    '.'       shift, and go to state 92
    STRUCTOP  shift, and go to state 93

    $default  reduce using rule 57 (unary)


State 67

   58 unary: unary • INCOP
   59      | unary • DECOP
   62      | '&' unary •
   64      | unary • '[' expr ']'
   65      | unary • '.' ID
   66      | unary • STRUCTOP ID
   67      | unary • '(' args ')'
   68      | unary • '(' ')'

    INCOP     shift, and go to state 88
    DECOP     shift, and go to state 89
    '['       shift, and go to state 90
    '('       shift, and go to state 91
    '.'       shift, and go to state 92
    STRUCTOP  shift, and go to state 93

    $default  reduce using rule 62 (unary)


State 68

   58 unary: unary • INCOP
   59      | unary • DECOP
   60      | INCOP unary •
   64      | unary • '[' expr ']'
   65      | unary • '.' ID
   66      | unary • STRUCTOP ID
   67      | unary • '(' args ')'
   68      | unary • '(' ')'

    INCOP     shift, and go to state 88
    DECOP     shift, and go to state 89
    '['       shift, and go to state 90
    '('       shift, and go to state 91
    '.'       shift, and go to state 92
    STRUCTOP  shift, and go to state 93

    $default  reduce using rule 60 (unary)


State 69

   58 unary: unary • INCOP
   59      | unary • DECOP
   61      | DECOP unary •
   64      | unary • '[' expr ']'
   65      | unary • '.' ID
   66      | unary • STRUCTOP ID
   67      | unary • '(' args ')'
   68      | unary • '(' ')'

    INCOP     shift, and go to state 88
    DECOP     shift, and go to state 89
    '['       shift, and go to state 90
    '('       shift, and go to state 91
    '.'       shift, and go to state 92
    STRUCTOP  shift, and go to state 93

    $default  reduce using rule 61 (unary)


State 70

   50 unary: '(' expr • ')'

    ')'  shift, and go to state 99


State 71

   39 expr: unary • '=' expr
   47 binary: unary •
   51 unary: '(' unary • ')'
   58      | unary • INCOP
   59      | unary • DECOP
   64      | unary • '[' expr ']'
   65      | unary • '.' ID
   66      | unary • STRUCTOP ID
   67      | unary • '(' args ')'
   68      | unary • '(' ')'

    '='       shift, and go to state 87
    INCOP     shift, and go to state 88
    DECOP     shift, and go to state 89
    '['       shift, and go to state 90
    '('       shift, and go to state 91
    ')'       shift, and go to state 100
    '.'       shift, and go to state 92
    STRUCTOP  shift, and go to state 93

    $default  reduce using rule 47 (binary)


State 72

   33 stmt: IF '(' • expr ')' stmt
   34     | IF '(' • expr ')' stmt ELSE stmt

    '-'            shift, and go to state 34
    '*'            shift, and go to state 35
    '!'            shift, and go to state 36
    '&'            shift, and go to state 37
    INCOP          shift, and go to state 38
    DECOP          shift, and go to state 39
    '('            shift, and go to state 40
    SYM_NULL       shift, and go to state 47
    CHAR_CONST     shift, and go to state 48
    STRING         shift, and go to state 49
    INTEGER_CONST  shift, and go to state 50
    ID             shift, and go to state 51

    expr    go to state 101
    binary  go to state 57
    unary   go to state 58


State 73

   28 stmt: RETURN expr • ';'

    ';'  shift, and go to state 102


State 74

   35 stmt: WHILE '(' • expr ')' stmt

    '-'            shift, and go to state 34
    '*'            shift, and go to state 35
    '!'            shift, and go to state 36
    '&'            shift, and go to state 37
    INCOP          shift, and go to state 38
    DECOP          shift, and go to state 39
    '('            shift, and go to state 40
    SYM_NULL       shift, and go to state 47
    CHAR_CONST     shift, and go to state 48
    STRING         shift, and go to state 49
    INTEGER_CONST  shift, and go to state 50
    ID             shift, and go to state 51

    expr    go to state 103
    binary  go to state 57
    unary   go to state 58


State 75

   36 stmt: FOR '(' • expr_e ';' expr_e ';' expr_e ')' stmt

    '-'            shift, and go to state 34
    '*'            shift, and go to state 35
    '!'            shift, and go to state 36
    '&'            shift, and go to state 37
    INCOP          shift, and go to state 38
    DECOP          shift, and go to state 39
    '('            shift, and go to state 40
    SYM_NULL       shift, and go to state 47
    CHAR_CONST     shift, and go to state 48
    STRING         shift, and go to state 49
    INTEGER_CONST  shift, and go to state 50
    ID             shift, and go to state 51

    $default  reduce using rule 38 (expr_e)

    expr_e  go to state 104
    expr    go to state 105
    binary  go to state 57
    unary   go to state 58


State 76

   29 stmt: BREAK ';' •

    $default  reduce using rule 29 (stmt)


State 77

   30 stmt: CONTINUE ';' •

    $default  reduce using rule 30 (stmt)


State 78

   27 stmt: expr ';' •

    $default  reduce using rule 27 (stmt)


State 79

   49 binary: binary LOGICAL_OR • binary

    '-'            shift, and go to state 34
    '*'            shift, and go to state 35
    '!'            shift, and go to state 36
    '&'            shift, and go to state 37
    INCOP          shift, and go to state 38
    DECOP          shift, and go to state 39
    '('            shift, and go to state 40
    SYM_NULL       shift, and go to state 47
    CHAR_CONST     shift, and go to state 48
    STRING         shift, and go to state 49
    INTEGER_CONST  shift, and go to state 50
    ID             shift, and go to state 51

    binary  go to state 106
    unary   go to state 107


State 80

   48 binary: binary LOGICAL_AND • binary

    '-'            shift, and go to state 34
    '*'            shift, and go to state 35
    '!'            shift, and go to state 36
    '&'            shift, and go to state 37
    INCOP          shift, and go to state 38
    DECOP          shift, and go to state 39
    '('            shift, and go to state 40
    SYM_NULL       shift, and go to state 47
    CHAR_CONST     shift, and go to state 48
    STRING         shift, and go to state 49
    INTEGER_CONST  shift, and go to state 50
    ID             shift, and go to state 51

    binary  go to state 108
    unary   go to state 107


State 81

   42 binary: binary EQUOP • binary

    '-'            shift, and go to state 34
    '*'            shift, and go to state 35
    '!'            shift, and go to state 36
    '&'            shift, and go to state 37
    INCOP          shift, and go to state 38
    DECOP          shift, and go to state 39
    '('            shift, and go to state 40
    SYM_NULL       shift, and go to state 47
    CHAR_CONST     shift, and go to state 48
    STRING         shift, and go to state 49
    INTEGER_CONST  shift, and go to state 50
    ID             shift, and go to state 51

    binary  go to state 109
    unary   go to state 107


State 82

   41 binary: binary RELOP • binary

    '-'            shift, and go to state 34
    '*'            shift, and go to state 35
    '!'            shift, and go to state 36
    '&'            shift, and go to state 37
    INCOP          shift, and go to state 38
    DECOP          shift, and go to state 39
    '('            shift, and go to state 40
    SYM_NULL       shift, and go to state 47
    CHAR_CONST     shift, and go to state 48
    STRING         shift, and go to state 49
    INTEGER_CONST  shift, and go to state 50
    ID             shift, and go to state 51

    binary  go to state 110
    unary   go to state 107


State 83

   43 binary: binary '+' • binary

    '-'            shift, and go to state 34
    '*'            shift, and go to state 35
    '!'            shift, and go to state 36
    '&'            shift, and go to state 37
    INCOP          shift, and go to state 38
    DECOP          shift, and go to state 39
    '('            shift, and go to state 40
    SYM_NULL       shift, and go to state 47
    CHAR_CONST     shift, and go to state 48
    STRING         shift, and go to state 49
    INTEGER_CONST  shift, and go to state 50
    ID             shift, and go to state 51

    binary  go to state 111
    unary   go to state 107


State 84

   44 binary: binary '-' • binary

    '-'            shift, and go to state 34
    '*'            shift, and go to state 35
    '!'            shift, and go to state 36
    '&'            shift, and go to state 37
    INCOP          shift, and go to state 38
    DECOP          shift, and go to state 39
    '('            shift, and go to state 40
    SYM_NULL       shift, and go to state 47
    CHAR_CONST     shift, and go to state 48
    STRING         shift, and go to state 49
    INTEGER_CONST  shift, and go to state 50
    ID             shift, and go to state 51

    binary  go to state 112
    unary   go to state 107


State 85

   45 binary: binary '*' • binary

    '-'            shift, and go to state 34
    '*'            shift, and go to state 35
    '!'            shift, and go to state 36
    '&'            shift, and go to state 37
    INCOP          shift, and go to state 38
    DECOP          shift, and go to state 39
    '('            shift, and go to state 40
    SYM_NULL       shift, and go to state 47
    CHAR_CONST     shift, and go to state 48
    STRING         shift, and go to state 49
    INTEGER_CONST  shift, and go to state 50
    ID             shift, and go to state 51

    binary  go to state 113
    unary   go to state 107


State 86

   46 binary: binary '/' • binary

    '-'            shift, and go to state 34
    '*'            shift, and go to state 35
    '!'            shift, and go to state 36
    '&'            shift, and go to state 37
    INCOP          shift, and go to state 38
    DECOP          shift, and go to state 39
    '('            shift, and go to state 40
    SYM_NULL       shift, and go to state 47
    CHAR_CONST     shift, and go to state 48
    STRING         shift, and go to state 49
    INTEGER_CONST  shift, and go to state 50
    ID             shift, and go to state 51

    binary  go to state 114
    unary   go to state 107


State 87

   39 expr: unary '=' • expr

    '-'            shift, and go to state 34
    '*'            shift, and go to state 35
    '!'            shift, and go to state 36
    '&'            shift, and go to state 37
    INCOP          shift, and go to state 38
    DECOP          shift, and go to state 39
    '('            shift, and go to state 40
    SYM_NULL       shift, and go to state 47
    CHAR_CONST     shift, and go to state 48
    STRING         shift, and go to state 49
    INTEGER_CONST  shift, and go to state 50
    ID             shift, and go to state 51

    expr    go to state 115
    binary  go to state 57
    unary   go to state 58


State 88

   58 unary: unary INCOP •

    $default  reduce using rule 58 (unary)


State 89

   59 unary: unary DECOP •

    $default  reduce using rule 59 (unary)


State 90

   64 unary: unary '[' • expr ']'

    '-'            shift, and go to state 34
    '*'            shift, and go to state 35
    '!'            shift, and go to state 36
    '&'            shift, and go to state 37
    INCOP          shift, and go to state 38
    DECOP          shift, and go to state 39
    '('            shift, and go to state 40
    SYM_NULL       shift, and go to state 47
    CHAR_CONST     shift, and go to state 48
    STRING         shift, and go to state 49
    INTEGER_CONST  shift, and go to state 50
    ID             shift, and go to state 51

    expr    go to state 116
    binary  go to state 57
    unary   go to state 58


State 91

   67 unary: unary '(' • args ')'
   68      | unary '(' • ')'

    '-'            shift, and go to state 34
    '*'            shift, and go to state 35
    '!'            shift, and go to state 36
    '&'            shift, and go to state 37
    INCOP          shift, and go to state 38
    DECOP          shift, and go to state 39
    '('            shift, and go to state 40
    ')'            shift, and go to state 117
    SYM_NULL       shift, and go to state 47
    CHAR_CONST     shift, and go to state 48
    STRING         shift, and go to state 49
    INTEGER_CONST  shift, and go to state 50
    ID             shift, and go to state 51

    expr    go to state 118
    binary  go to state 57
    unary   go to state 58
    args    go to state 119


State 92

   65 unary: unary '.' • ID

    ID  shift, and go to state 120


State 93

   66 unary: unary STRUCTOP • ID

    ID  shift, and go to state 121


State 94

    5 ext_def: type_specifier pointers ID '[' INTEGER_CONST ']' ';' •

    $default  reduce using rule 5 (ext_def)


State 95

   18 param_decl: type_specifier pointers ID •
   19           | type_specifier pointers ID • '[' INTEGER_CONST ']'

    '['  shift, and go to state 122

    $default  reduce using rule 18 (param_decl)


State 96

   17 param_list: param_list ',' param_decl •

    $default  reduce using rule 17 (param_list)


State 97

   23 def: type_specifier pointers ID '[' • INTEGER_CONST ']' ';'

    INTEGER_CONST  shift, and go to state 123


State 98

   22 def: type_specifier pointers ID ';' •

    $default  reduce using rule 22 (def)


State 99

   50 unary: '(' expr ')' •

    $default  reduce using rule 50 (unary)


State 100

   51 unary: '(' unary ')' •

    $default  reduce using rule 51 (unary)


State 101

   33 stmt: IF '(' expr • ')' stmt
   34     | IF '(' expr • ')' stmt ELSE stmt

    ')'  shift, and go to state 124


State 102

   28 stmt: RETURN expr ';' •

    $default  reduce using rule 28 (stmt)


State 103

   35 stmt: WHILE '(' expr • ')' stmt

    ')'  shift, and go to state 125


State 104

   36 stmt: FOR '(' expr_e • ';' expr_e ';' expr_e ')' stmt

    ';'  shift, and go to state 126


State 105

   37 expr_e: expr •

    $default  reduce using rule 37 (expr_e)


State 106

   41 binary: binary • RELOP binary
   42       | binary • EQUOP binary
   43       | binary • '+' binary
   44       | binary • '-' binary
   45       | binary • '*' binary
   46       | binary • '/' binary
   48       | binary • LOGICAL_AND binary
   49       | binary • LOGICAL_OR binary
   49       | binary LOGICAL_OR binary •

    LOGICAL_AND  shift, and go to state 80
    EQUOP        shift, and go to state 81
    RELOP        shift, and go to state 82
    '+'          shift, and go to state 83
    '-'          shift, and go to state 84
    '*'          shift, and go to state 85
    '/'          shift, and go to state 86

    $default  reduce using rule 49 (binary)


State 107

   47 binary: unary •
   58 unary: unary • INCOP
   59      | unary • DECOP
   64      | unary • '[' expr ']'
   65      | unary • '.' ID
   66      | unary • STRUCTOP ID
   67      | unary • '(' args ')'
   68      | unary • '(' ')'

    INCOP     shift, and go to state 88
    DECOP     shift, and go to state 89
    '['       shift, and go to state 90
    '('       shift, and go to state 91
    '.'       shift, and go to state 92
    STRUCTOP  shift, and go to state 93

    $default  reduce using rule 47 (binary)


State 108

   41 binary: binary • RELOP binary
   42       | binary • EQUOP binary
   43       | binary • '+' binary
   44       | binary • '-' binary
   45       | binary • '*' binary
   46       | binary • '/' binary
   48       | binary • LOGICAL_AND binary
   48       | binary LOGICAL_AND binary •
   49       | binary • LOGICAL_OR binary

    EQUOP  shift, and go to state 81
    RELOP  shift, and go to state 82
    '+'    shift, and go to state 83
    '-'    shift, and go to state 84
    '*'    shift, and go to state 85
    '/'    shift, and go to state 86

    $default  reduce using rule 48 (binary)


State 109

   41 binary: binary • RELOP binary
   42       | binary • EQUOP binary
   42       | binary EQUOP binary •
   43       | binary • '+' binary
   44       | binary • '-' binary
   45       | binary • '*' binary
   46       | binary • '/' binary
   48       | binary • LOGICAL_AND binary
   49       | binary • LOGICAL_OR binary

    RELOP  shift, and go to state 82
    '+'    shift, and go to state 83
    '-'    shift, and go to state 84
    '*'    shift, and go to state 85
    '/'    shift, and go to state 86

    $default  reduce using rule 42 (binary)


State 110

   41 binary: binary • RELOP binary
   41       | binary RELOP binary •
   42       | binary • EQUOP binary
   43       | binary • '+' binary
   44       | binary • '-' binary
   45       | binary • '*' binary
   46       | binary • '/' binary
   48       | binary • LOGICAL_AND binary
   49       | binary • LOGICAL_OR binary

    '+'  shift, and go to state 83
    '-'  shift, and go to state 84
    '*'  shift, and go to state 85
    '/'  shift, and go to state 86

    $default  reduce using rule 41 (binary)


State 111

   41 binary: binary • RELOP binary
   42       | binary • EQUOP binary
   43       | binary • '+' binary
   43       | binary '+' binary •
   44       | binary • '-' binary
   45       | binary • '*' binary
   46       | binary • '/' binary
   48       | binary • LOGICAL_AND binary
   49       | binary • LOGICAL_OR binary

    '*'  shift, and go to state 85
    '/'  shift, and go to state 86

    $default  reduce using rule 43 (binary)


State 112

   41 binary: binary • RELOP binary
   42       | binary • EQUOP binary
   43       | binary • '+' binary
   44       | binary • '-' binary
   44       | binary '-' binary •
   45       | binary • '*' binary
   46       | binary • '/' binary
   48       | binary • LOGICAL_AND binary
   49       | binary • LOGICAL_OR binary

    '*'  shift, and go to state 85
    '/'  shift, and go to state 86

    $default  reduce using rule 44 (binary)


State 113

   41 binary: binary • RELOP binary
   42       | binary • EQUOP binary
   43       | binary • '+' binary
   44       | binary • '-' binary
   45       | binary • '*' binary
   45       | binary '*' binary •
   46       | binary • '/' binary
   48       | binary • LOGICAL_AND binary
   49       | binary • LOGICAL_OR binary

    $default  reduce using rule 45 (binary)


State 114

   41 binary: binary • RELOP binary
   42       | binary • EQUOP binary
   43       | binary • '+' binary
   44       | binary • '-' binary
   45       | binary • '*' binary
   46       | binary • '/' binary
   46       | binary '/' binary •
   48       | binary • LOGICAL_AND binary
   49       | binary • LOGICAL_OR binary

    $default  reduce using rule 46 (binary)


State 115

   39 expr: unary '=' expr •

    $default  reduce using rule 39 (expr)


State 116

   64 unary: unary '[' expr • ']'

    ']'  shift, and go to state 127


State 117

   68 unary: unary '(' ')' •

    $default  reduce using rule 68 (unary)


State 118

   70 args: expr •

    $default  reduce using rule 70 (args)


State 119

   67 unary: unary '(' args • ')'
   71 args: args • ',' expr

    ','  shift, and go to state 128
    ')'  shift, and go to state 129


State 120

   65 unary: unary '.' ID •

    $default  reduce using rule 65 (unary)


State 121

   66 unary: unary STRUCTOP ID •

    $default  reduce using rule 66 (unary)


State 122

   19 param_decl: type_specifier pointers ID '[' • INTEGER_CONST ']'

    INTEGER_CONST  shift, and go to state 130


State 123

   23 def: type_specifier pointers ID '[' INTEGER_CONST • ']' ';'

    ']'  shift, and go to state 131


State 124

   33 stmt: IF '(' expr ')' • stmt
   34     | IF '(' expr ')' • stmt ELSE stmt

    '-'            shift, and go to state 34
    '*'            shift, and go to state 35
    '!'            shift, and go to state 36
    '&'            shift, and go to state 37
    INCOP          shift, and go to state 38
    DECOP          shift, and go to state 39
    '('            shift, and go to state 40
    IF             shift, and go to state 41
    RETURN         shift, and go to state 42
    WHILE          shift, and go to state 43
    FOR            shift, and go to state 44
    BREAK          shift, and go to state 45
    CONTINUE       shift, and go to state 46
    SYM_NULL       shift, and go to state 47
    CHAR_CONST     shift, and go to state 48
    STRING         shift, and go to state 49
    INTEGER_CONST  shift, and go to state 50
    ID             shift, and go to state 51
    ';'            shift, and go to state 52
    '{'            shift, and go to state 14

    compound_stmt  go to state 54
    stmt           go to state 132
    expr           go to state 56
    binary         go to state 57
    unary          go to state 58


State 125

   35 stmt: WHILE '(' expr ')' • stmt

    '-'            shift, and go to state 34
    '*'            shift, and go to state 35
    '!'            shift, and go to state 36
    '&'            shift, and go to state 37
    INCOP          shift, and go to state 38
    DECOP          shift, and go to state 39
    '('            shift, and go to state 40
    IF             shift, and go to state 41
    RETURN         shift, and go to state 42
    WHILE          shift, and go to state 43
    FOR            shift, and go to state 44
    BREAK          shift, and go to state 45
    CONTINUE       shift, and go to state 46
    SYM_NULL       shift, and go to state 47
    CHAR_CONST     shift, and go to state 48
    STRING         shift, and go to state 49
    INTEGER_CONST  shift, and go to state 50
    ID             shift, and go to state 51
    ';'            shift, and go to state 52
    '{'            shift, and go to state 14

    compound_stmt  go to state 54
    stmt           go to state 133
    expr           go to state 56
    binary         go to state 57
    unary          go to state 58


State 126

   36 stmt: FOR '(' expr_e ';' • expr_e ';' expr_e ')' stmt

    '-'            shift, and go to state 34
    '*'            shift, and go to state 35
    '!'            shift, and go to state 36
    '&'            shift, and go to state 37
    INCOP          shift, and go to state 38
    DECOP          shift, and go to state 39
    '('            shift, and go to state 40
    SYM_NULL       shift, and go to state 47
    CHAR_CONST     shift, and go to state 48
    STRING         shift, and go to state 49
    INTEGER_CONST  shift, and go to state 50
    ID             shift, and go to state 51

    $default  reduce using rule 38 (expr_e)

    expr_e  go to state 134
    expr    go to state 105
    binary  go to state 57
    unary   go to state 58


State 127

   64 unary: unary '[' expr ']' •

    $default  reduce using rule 64 (unary)


State 128

   71 args: args ',' • expr

    '-'            shift, and go to state 34
    '*'            shift, and go to state 35
    '!'            shift, and go to state 36
    '&'            shift, and go to state 37
    INCOP          shift, and go to state 38
    DECOP          shift, and go to state 39
    '('            shift, and go to state 40
    SYM_NULL       shift, and go to state 47
    CHAR_CONST     shift, and go to state 48
    STRING         shift, and go to state 49
    INTEGER_CONST  shift, and go to state 50
    ID             shift, and go to state 51

    expr    go to state 135
    binary  go to state 57
    unary   go to state 58


State 129

   67 unary: unary '(' args ')' •

    $default  reduce using rule 67 (unary)


State 130

   19 param_decl: type_specifier pointers ID '[' INTEGER_CONST • ']'

    ']'  shift, and go to state 136


State 131

   23 def: type_specifier pointers ID '[' INTEGER_CONST ']' • ';'

    ';'  shift, and go to state 137


State 132

   33 stmt: IF '(' expr ')' stmt •
   34     | IF '(' expr ')' stmt • ELSE stmt

    ELSE  shift, and go to state 138

    $default  reduce using rule 33 (stmt)


State 133

   35 stmt: WHILE '(' expr ')' stmt •

    $default  reduce using rule 35 (stmt)


State 134

   36 stmt: FOR '(' expr_e ';' expr_e • ';' expr_e ')' stmt

    ';'  shift, and go to state 139


State 135

   71 args: args ',' expr •

    $default  reduce using rule 71 (args)


State 136

   19 param_decl: type_specifier pointers ID '[' INTEGER_CONST ']' •

    $default  reduce using rule 19 (param_decl)


State 137

   23 def: type_specifier pointers ID '[' INTEGER_CONST ']' ';' •

    $default  reduce using rule 23 (def)


State 138

   34 stmt: IF '(' expr ')' stmt ELSE • stmt

    '-'            shift, and go to state 34
    '*'            shift, and go to state 35
    '!'            shift, and go to state 36
    '&'            shift, and go to state 37
    INCOP          shift, and go to state 38
    DECOP          shift, and go to state 39
    '('            shift, and go to state 40
    IF             shift, and go to state 41
    RETURN         shift, and go to state 42
    WHILE          shift, and go to state 43
    FOR            shift, and go to state 44
    BREAK          shift, and go to state 45
    CONTINUE       shift, and go to state 46
    SYM_NULL       shift, and go to state 47
    CHAR_CONST     shift, and go to state 48
    STRING         shift, and go to state 49
    INTEGER_CONST  shift, and go to state 50
    ID             shift, and go to state 51
    ';'            shift, and go to state 52
    '{'            shift, and go to state 14

    compound_stmt  go to state 54
    stmt           go to state 140
    expr           go to state 56
    binary         go to state 57
    unary          go to state 58


State 139

   36 stmt: FOR '(' expr_e ';' expr_e ';' • expr_e ')' stmt

    '-'            shift, and go to state 34
    '*'            shift, and go to state 35
    '!'            shift, and go to state 36
    '&'            shift, and go to state 37
    INCOP          shift, and go to state 38
    DECOP          shift, and go to state 39
    '('            shift, and go to state 40
    SYM_NULL       shift, and go to state 47
    CHAR_CONST     shift, and go to state 48
    STRING         shift, and go to state 49
    INTEGER_CONST  shift, and go to state 50
    ID             shift, and go to state 51

    $default  reduce using rule 38 (expr_e)

    expr_e  go to state 141
    expr    go to state 105
    binary  go to state 57
    unary   go to state 58


State 140

   34 stmt: IF '(' expr ')' stmt ELSE stmt •

    $default  reduce using rule 34 (stmt)


State 141

   36 stmt: FOR '(' expr_e ';' expr_e ';' expr_e • ')' stmt

    ')'  shift, and go to state 142


State 142

   36 stmt: FOR '(' expr_e ';' expr_e ';' expr_e ')' • stmt

    '-'            shift, and go to state 34
    '*'            shift, and go to state 35
    '!'            shift, and go to state 36
    '&'            shift, and go to state 37
    INCOP          shift, and go to state 38
    DECOP          shift, and go to state 39
    '('            shift, and go to state 40
    IF             shift, and go to state 41
    RETURN         shift, and go to state 42
    WHILE          shift, and go to state 43
    FOR            shift, and go to state 44
    BREAK          shift, and go to state 45
    CONTINUE       shift, and go to state 46
    SYM_NULL       shift, and go to state 47
    CHAR_CONST     shift, and go to state 48
    STRING         shift, and go to state 49
    INTEGER_CONST  shift, and go to state 50
    ID             shift, and go to state 51
    ';'            shift, and go to state 52
    '{'            shift, and go to state 14

    compound_stmt  go to state 54
    stmt           go to state 143
    expr           go to state 56
    binary         go to state 57
    unary          go to state 58


State 143

   36 stmt: FOR '(' expr_e ';' expr_e ';' expr_e ')' stmt •

    $default  reduce using rule 36 (stmt)
